2016/09/14 20:37:16 [error] [exception.CException] exception 'CException' with message 'HolaController cannot find the requested view "index".' in C:\xampp\htdocs\yii\framework\web\CController.php:878
Stack trace:
#0 C:\xampp\htdocs\yii\framework\web\CController.php(782): CController->renderPartial('index', Array, true)
#1 C:\xampp\htdocs\yii\proyectos-YII\tutorial\protected\controllers\HolaController.php(8): CController->render('index', Array)
#2 C:\xampp\htdocs\yii\framework\web\actions\CInlineAction.php(49): HolaController->actionIndex()
#3 C:\xampp\htdocs\yii\framework\web\CController.php(308): CInlineAction->runWithParams(Array)
#4 C:\xampp\htdocs\yii\framework\web\CController.php(286): CController->runAction(Object(CInlineAction))
#5 C:\xampp\htdocs\yii\framework\web\CController.php(265): CController->runActionWithFilters(Object(CInlineAction), Array)
#6 C:\xampp\htdocs\yii\framework\web\CWebApplication.php(282): CController->run('index')
#7 C:\xampp\htdocs\yii\framework\web\CWebApplication.php(141): CWebApplication->runController('hola/index')
#8 C:\xampp\htdocs\yii\framework\base\CApplication.php(185): CWebApplication->processRequest()
#9 C:\xampp\htdocs\yii\proyectos-YII\tutorial\index.php(13): CApplication->run()
#10 {main}
REQUEST_URI=/yii/proyectos-YII/tutorial/hola/index
---
2016/09/14 20:39:46 [error] [exception.CException] exception 'CException' with message 'HolaController cannot find the requested view "index".' in C:\xampp\htdocs\yii\framework\web\CController.php:878
Stack trace:
#0 C:\xampp\htdocs\yii\framework\web\CController.php(782): CController->renderPartial('index', Array, true)
#1 C:\xampp\htdocs\yii\proyectos-YII\tutorial\protected\controllers\HolaController.php(8): CController->render('index', Array)
#2 C:\xampp\htdocs\yii\framework\web\actions\CInlineAction.php(49): HolaController->actionIndex()
#3 C:\xampp\htdocs\yii\framework\web\CController.php(308): CInlineAction->runWithParams(Array)
#4 C:\xampp\htdocs\yii\framework\web\CController.php(286): CController->runAction(Object(CInlineAction))
#5 C:\xampp\htdocs\yii\framework\web\CController.php(265): CController->runActionWithFilters(Object(CInlineAction), Array)
#6 C:\xampp\htdocs\yii\framework\web\CWebApplication.php(282): CController->run('index')
#7 C:\xampp\htdocs\yii\framework\web\CWebApplication.php(141): CWebApplication->runController('hola/index')
#8 C:\xampp\htdocs\yii\framework\base\CApplication.php(185): CWebApplication->processRequest()
#9 C:\xampp\htdocs\yii\proyectos-YII\tutorial\index.php(13): CApplication->run()
#10 {main}
REQUEST_URI=/yii/proyectos-YII/tutorial/hola/index
---
2016/09/14 20:40:51 [error] [exception.CException] exception 'CException' with message 'HolaController cannot find the requested view "index".' in C:\xampp\htdocs\yii\framework\web\CController.php:878
Stack trace:
#0 C:\xampp\htdocs\yii\framework\web\CController.php(782): CController->renderPartial('index', Array, true)
#1 C:\xampp\htdocs\yii\proyectos-YII\tutorial\protected\controllers\HolaController.php(8): CController->render('index', Array)
#2 C:\xampp\htdocs\yii\framework\web\actions\CInlineAction.php(49): HolaController->actionIndex()
#3 C:\xampp\htdocs\yii\framework\web\CController.php(308): CInlineAction->runWithParams(Array)
#4 C:\xampp\htdocs\yii\framework\web\CController.php(286): CController->runAction(Object(CInlineAction))
#5 C:\xampp\htdocs\yii\framework\web\CController.php(265): CController->runActionWithFilters(Object(CInlineAction), Array)
#6 C:\xampp\htdocs\yii\framework\web\CWebApplication.php(282): CController->run('index')
#7 C:\xampp\htdocs\yii\framework\web\CWebApplication.php(141): CWebApplication->runController('hola/index')
#8 C:\xampp\htdocs\yii\framework\base\CApplication.php(185): CWebApplication->processRequest()
#9 C:\xampp\htdocs\yii\proyectos-YII\tutorial\index.php(13): CApplication->run()
#10 {main}
REQUEST_URI=/yii/proyectos-YII/tutorial/hola/index
---
